TN:
SF:src\index.js
FN:7,ensureTables
FN:14,ensureProcedures
FN:49,(anonymous_2)
FN:54,(anonymous_3)
FN:59,(anonymous_4)
FN:67,(anonymous_5)
FN:78,(anonymous_6)
FN:88,(anonymous_7)
FN:96,(anonymous_8)
FN:111,(anonymous_9)
FN:116,(anonymous_10)
FN:131,(anonymous_11)
FNF:12
FNH:9
FNDA:0,ensureTables
FNDA:0,ensureProcedures
FNDA:2,(anonymous_2)
FNDA:2,(anonymous_3)
FNDA:2,(anonymous_4)
FNDA:5,(anonymous_5)
FNDA:5,(anonymous_6)
FNDA:2,(anonymous_7)
FNDA:6,(anonymous_8)
FNDA:2,(anonymous_9)
FNDA:5,(anonymous_10)
FNDA:0,(anonymous_11)
DA:1,1
DA:2,1
DA:3,1
DA:5,1
DA:8,0
DA:9,0
DA:10,0
DA:11,0
DA:15,0
DA:34,0
DA:49,1
DA:50,2
DA:51,0
DA:54,1
DA:55,2
DA:56,0
DA:59,1
DA:60,2
DA:61,2
DA:62,2
DA:63,1
DA:64,0
DA:67,1
DA:68,5
DA:69,5
DA:70,5
DA:71,3
DA:72,1
DA:73,2
DA:74,2
DA:75,0
DA:78,1
DA:79,5
DA:80,5
DA:81,3
DA:82,2
DA:83,2
DA:84,1
DA:85,0
DA:88,1
DA:89,2
DA:90,2
DA:91,2
DA:92,1
DA:93,0
DA:96,1
DA:97,6
DA:98,6
DA:99,6
DA:100,4
DA:101,4
DA:102,4
DA:103,2
DA:104,2
DA:106,2
DA:107,2
DA:108,0
DA:111,1
DA:112,2
DA:113,0
DA:116,1
DA:117,5
DA:118,5
DA:119,5
DA:120,3
DA:121,3
DA:122,2
DA:123,2
DA:125,1
DA:126,1
DA:127,0
DA:130,1
DA:131,0
DA:134,1
LF:74
LH:58
BRDA:5,0,0,1
BRDA:5,0,1,1
BRDA:62,1,0,1
BRDA:62,1,1,1
BRDA:70,2,0,2
BRDA:70,2,1,3
BRDA:71,3,0,1
BRDA:71,3,1,2
BRDA:73,4,0,2
BRDA:73,4,1,1
BRDA:80,5,0,3
BRDA:80,5,1,2
BRDA:80,6,0,5
BRDA:80,6,1,4
BRDA:80,6,2,3
BRDA:83,7,0,1
BRDA:83,7,1,1
BRDA:91,8,0,1
BRDA:91,8,1,1
BRDA:99,9,0,2
BRDA:99,9,1,4
BRDA:99,10,0,6
BRDA:99,10,1,5
BRDA:102,11,0,2
BRDA:102,11,1,2
BRDA:103,12,0,1
BRDA:103,12,1,1
BRDA:106,13,0,1
BRDA:106,13,1,1
BRDA:119,14,0,2
BRDA:119,14,1,3
BRDA:121,15,0,2
BRDA:121,15,1,1
BRDA:123,16,0,1
BRDA:123,16,1,1
BRDA:123,17,0,1
BRDA:123,17,1,1
BRDA:130,18,0,0
BRDA:130,18,1,1
BRF:39
BRH:38
end_of_record
