TN:
SF:src\index.js
FN:7,ensureTables
FN:14,(anonymous_1)
FN:19,(anonymous_2)
FN:27,(anonymous_3)
FN:38,(anonymous_4)
FN:48,(anonymous_5)
FN:56,(anonymous_6)
FN:70,(anonymous_7)
FN:75,(anonymous_8)
FN:90,(anonymous_9)
FNF:10
FNH:8
FNDA:0,ensureTables
FNDA:2,(anonymous_1)
FNDA:2,(anonymous_2)
FNDA:5,(anonymous_3)
FNDA:5,(anonymous_4)
FNDA:2,(anonymous_5)
FNDA:6,(anonymous_6)
FNDA:2,(anonymous_7)
FNDA:5,(anonymous_8)
FNDA:0,(anonymous_9)
DA:1,1
DA:2,1
DA:3,1
DA:5,1
DA:8,0
DA:9,0
DA:10,0
DA:11,0
DA:14,1
DA:15,2
DA:16,0
DA:19,1
DA:20,2
DA:21,2
DA:22,2
DA:23,1
DA:24,0
DA:27,1
DA:28,5
DA:29,5
DA:30,5
DA:31,3
DA:32,1
DA:33,2
DA:34,2
DA:35,0
DA:38,1
DA:39,5
DA:40,5
DA:41,3
DA:42,2
DA:43,2
DA:44,1
DA:45,0
DA:48,1
DA:49,2
DA:50,2
DA:51,2
DA:52,1
DA:53,0
DA:56,1
DA:57,6
DA:58,6
DA:59,6
DA:60,4
DA:61,4
DA:62,2
DA:63,2
DA:65,2
DA:66,2
DA:67,0
DA:70,1
DA:71,2
DA:72,0
DA:75,1
DA:76,5
DA:77,5
DA:78,5
DA:79,3
DA:80,3
DA:81,2
DA:82,2
DA:84,1
DA:85,1
DA:86,0
DA:89,1
DA:90,0
DA:93,1
LF:68
LH:55
BRDA:5,0,0,1
BRDA:5,0,1,1
BRDA:22,1,0,1
BRDA:22,1,1,1
BRDA:30,2,0,2
BRDA:30,2,1,3
BRDA:31,3,0,1
BRDA:31,3,1,2
BRDA:33,4,0,2
BRDA:33,4,1,1
BRDA:40,5,0,3
BRDA:40,5,1,2
BRDA:40,6,0,5
BRDA:40,6,1,4
BRDA:40,6,2,3
BRDA:43,7,0,1
BRDA:43,7,1,1
BRDA:51,8,0,1
BRDA:51,8,1,1
BRDA:59,9,0,2
BRDA:59,9,1,4
BRDA:59,10,0,6
BRDA:59,10,1,5
BRDA:61,11,0,2
BRDA:61,11,1,2
BRDA:63,12,0,1
BRDA:63,12,1,1
BRDA:63,13,0,1
BRDA:63,13,1,1
BRDA:65,14,0,1
BRDA:65,14,1,1
BRDA:78,15,0,2
BRDA:78,15,1,3
BRDA:80,16,0,2
BRDA:80,16,1,1
BRDA:82,17,0,1
BRDA:82,17,1,1
BRDA:82,18,0,1
BRDA:82,18,1,1
BRDA:89,19,0,0
BRDA:89,19,1,1
BRF:41
BRH:40
end_of_record
