TN:
SF:src\index.js
FN:8,ensureTables
FN:17,sendNotification
FN:23,(anonymous_2)
FN:28,(anonymous_3)
FN:36,(anonymous_4)
FN:50,(anonymous_5)
FN:75,(anonymous_6)
FN:84,(anonymous_7)
FNF:8
FNH:6
FNDA:0,ensureTables
FNDA:5,sendNotification
FNDA:2,(anonymous_2)
FNDA:2,(anonymous_3)
FNDA:6,(anonymous_4)
FNDA:6,(anonymous_5)
FNDA:2,(anonymous_6)
FNDA:0,(anonymous_7)
DA:1,1
DA:2,1
DA:3,1
DA:5,1
DA:6,1
DA:9,0
DA:14,0
DA:18,5
DA:19,5
DA:20,1
DA:23,1
DA:24,2
DA:25,0
DA:28,1
DA:29,2
DA:30,2
DA:31,2
DA:32,1
DA:33,0
DA:36,1
DA:37,6
DA:38,6
DA:39,6
DA:40,3
DA:41,3
DA:42,1
DA:43,2
DA:44,2
DA:45,2
DA:46,2
DA:47,0
DA:50,1
DA:51,6
DA:52,6
DA:53,6
DA:54,4
DA:55,4
DA:56,4
DA:59,3
DA:60,1
DA:61,1
DA:62,2
DA:63,1
DA:64,1
DA:65,1
DA:67,1
DA:68,1
DA:70,3
DA:71,3
DA:72,0
DA:75,1
DA:76,2
DA:77,2
DA:78,2
DA:79,1
DA:80,0
DA:83,1
DA:84,0
DA:87,1
LF:59
LH:51
BRDA:5,0,0,1
BRDA:5,0,1,1
BRDA:6,1,0,1
BRDA:6,1,1,1
BRDA:31,2,0,1
BRDA:31,2,1,1
BRDA:39,3,0,3
BRDA:39,3,1,3
BRDA:41,4,0,1
BRDA:41,4,1,2
BRDA:52,5,0,6
BRDA:52,5,1,1
BRDA:53,6,0,2
BRDA:53,6,1,4
BRDA:56,7,0,1
BRDA:56,7,1,3
BRDA:59,8,0,1
BRDA:59,8,1,2
BRDA:62,9,0,1
BRDA:62,9,1,1
BRDA:63,10,0,1
BRDA:63,10,1,0
BRDA:64,11,0,1
BRDA:64,11,1,0
BRDA:64,12,0,1
BRDA:64,12,1,0
BRDA:78,13,0,1
BRDA:78,13,1,1
BRDA:83,14,0,0
BRDA:83,14,1,1
BRF:30
BRH:26
end_of_record
