TN:
SF:src\index.js
FN:8,ensureTables
FN:14,(anonymous_1)
FN:18,sendNotification
FN:24,(anonymous_3)
FN:29,(anonymous_4)
FN:37,(anonymous_5)
FN:52,(anonymous_6)
FN:77,(anonymous_7)
FN:86,(anonymous_8)
FNF:9
FNH:6
FNDA:0,ensureTables
FNDA:0,(anonymous_1)
FNDA:8,sendNotification
FNDA:3,(anonymous_3)
FNDA:3,(anonymous_4)
FNDA:9,(anonymous_5)
FNDA:8,(anonymous_6)
FNDA:3,(anonymous_7)
FNDA:0,(anonymous_8)
DA:1,1
DA:2,1
DA:3,1
DA:5,1
DA:6,1
DA:9,0
DA:14,0
DA:15,0
DA:19,8
DA:20,8
DA:21,1
DA:24,1
DA:25,3
DA:26,1
DA:29,1
DA:30,3
DA:31,3
DA:32,2
DA:33,1
DA:34,1
DA:37,1
DA:38,9
DA:39,9
DA:40,9
DA:41,6
DA:42,6
DA:43,6
DA:44,1
DA:45,5
DA:46,5
DA:47,4
DA:48,4
DA:49,1
DA:52,1
DA:53,8
DA:54,8
DA:55,8
DA:56,6
DA:57,6
DA:58,6
DA:61,5
DA:62,3
DA:63,2
DA:64,2
DA:65,1
DA:66,1
DA:67,1
DA:69,1
DA:70,1
DA:72,4
DA:73,4
DA:74,1
DA:77,1
DA:78,3
DA:79,3
DA:80,2
DA:81,1
DA:82,1
DA:85,1
DA:86,0
DA:89,1
LF:61
LH:57
BRDA:5,0,0,1
BRDA:5,0,1,1
BRDA:6,1,0,1
BRDA:6,1,1,1
BRDA:32,2,0,1
BRDA:32,2,1,1
BRDA:40,3,0,3
BRDA:40,3,1,6
BRDA:42,4,0,6
BRDA:42,4,1,1
BRDA:43,5,0,1
BRDA:43,5,1,5
BRDA:54,6,0,8
BRDA:54,6,1,1
BRDA:55,7,0,2
BRDA:55,7,1,6
BRDA:58,8,0,1
BRDA:58,8,1,5
BRDA:61,9,0,3
BRDA:61,9,1,2
BRDA:64,10,0,1
BRDA:64,10,1,1
BRDA:65,11,0,1
BRDA:65,11,1,0
BRDA:66,12,0,1
BRDA:66,12,1,0
BRDA:66,13,0,1
BRDA:66,13,1,0
BRDA:80,14,0,1
BRDA:80,14,1,1
BRDA:85,15,0,0
BRDA:85,15,1,1
BRF:32
BRH:28
end_of_record
