TN:
SF:src\index.js
FN:7,ensureTables
FN:18,(anonymous_1)
FN:34,(anonymous_2)
FN:39,(anonymous_3)
FN:48,(anonymous_4)
FNF:5
FNH:3
FNDA:0,ensureTables
FNDA:8,(anonymous_1)
FNDA:2,(anonymous_2)
FNDA:4,(anonymous_3)
FNDA:0,(anonymous_4)
DA:1,1
DA:2,1
DA:3,1
DA:5,1
DA:8,0
DA:13,0
DA:14,0
DA:15,0
DA:18,1
DA:19,8
DA:20,8
DA:21,8
DA:22,4
DA:23,4
DA:24,1
DA:25,3
DA:27,2
DA:29,1
DA:30,0
DA:34,1
DA:35,2
DA:36,0
DA:39,1
DA:40,4
DA:41,4
DA:42,4
DA:43,3
DA:44,0
DA:47,1
DA:48,0
DA:51,1
LF:31
LH:23
BRDA:5,0,0,1
BRDA:5,0,1,1
BRDA:21,1,0,4
BRDA:21,1,1,4
BRDA:22,2,0,4
BRDA:22,2,1,1
BRDA:23,3,0,1
BRDA:23,3,1,3
BRDA:29,4,0,1
BRDA:29,4,1,0
BRDA:42,5,0,1
BRDA:42,5,1,3
BRDA:47,6,0,0
BRDA:47,6,1,1
BRF:14
BRH:12
end_of_record
