TN:
SF:src\index.js
FN:7,ensureTables
FN:16,(anonymous_1)
FN:17,(anonymous_2)
FN:18,(anonymous_3)
FN:19,(anonymous_4)
FN:22,(anonymous_5)
FN:38,(anonymous_6)
FN:46,(anonymous_7)
FN:57,(anonymous_8)
FNF:9
FNH:3
FNDA:0,ensureTables
FNDA:0,(anonymous_1)
FNDA:0,(anonymous_2)
FNDA:0,(anonymous_3)
FNDA:0,(anonymous_4)
FNDA:12,(anonymous_5)
FNDA:4,(anonymous_6)
FNDA:8,(anonymous_7)
FNDA:0,(anonymous_8)
DA:1,1
DA:2,1
DA:3,1
DA:5,1
DA:8,0
DA:13,0
DA:14,0
DA:15,0
DA:16,0
DA:17,0
DA:18,0
DA:19,0
DA:22,1
DA:23,12
DA:24,12
DA:25,12
DA:26,8
DA:27,8
DA:28,1
DA:29,7
DA:31,5
DA:33,2
DA:34,1
DA:38,1
DA:39,4
DA:40,4
DA:41,3
DA:42,2
DA:43,1
DA:46,1
DA:47,8
DA:48,8
DA:49,8
DA:50,8
DA:51,8
DA:52,7
DA:53,1
DA:56,1
DA:57,0
DA:60,1
LF:40
LH:31
BRDA:5,0,0,1
BRDA:5,0,1,1
BRDA:25,1,0,4
BRDA:25,1,1,8
BRDA:26,2,0,8
BRDA:26,2,1,1
BRDA:27,3,0,1
BRDA:27,3,1,7
BRDA:30,4,0,7
BRDA:30,4,1,1
BRDA:30,5,0,7
BRDA:30,5,1,0
BRDA:30,6,0,7
BRDA:30,6,1,0
BRDA:30,7,0,7
BRDA:30,7,1,1
BRDA:33,8,0,1
BRDA:33,8,1,1
BRDA:41,9,0,1
BRDA:41,9,1,2
BRDA:50,10,0,8
BRDA:50,10,1,6
BRDA:51,11,0,1
BRDA:51,11,1,7
BRDA:56,12,0,0
BRDA:56,12,1,1
BRF:26
BRH:23
end_of_record
