TN:
SF:src\index.js
FN:10,ensureTables
FN:20,ensureProcedures
FN:48,(anonymous_2)
FN:50,(anonymous_3)
FN:58,(anonymous_4)
FN:70,(anonymous_5)
FN:75,(anonymous_6)
FN:85,(anonymous_7)
FN:105,(anonymous_8)
FN:119,(anonymous_9)
FN:129,(anonymous_10)
FN:138,(anonymous_11)
FN:143,(anonymous_12)
FN:151,(anonymous_13)
FN:162,(anonymous_14)
FN:174,(anonymous_15)
FN:183,(anonymous_16)
FNF:17
FNH:14
FNDA:0,ensureTables
FNDA:0,ensureProcedures
FNDA:1,(anonymous_2)
FNDA:5,(anonymous_3)
FNDA:7,(anonymous_4)
FNDA:3,(anonymous_5)
FNDA:6,(anonymous_6)
FNDA:6,(anonymous_7)
FNDA:5,(anonymous_8)
FNDA:5,(anonymous_9)
FNDA:3,(anonymous_10)
FNDA:3,(anonymous_11)
FNDA:2,(anonymous_12)
FNDA:5,(anonymous_13)
FNDA:4,(anonymous_14)
FNDA:3,(anonymous_15)
FNDA:0,(anonymous_16)
DA:1,1
DA:2,1
DA:3,1
DA:5,1
DA:7,1
DA:8,1
DA:11,0
DA:15,0
DA:21,0
DA:36,0
DA:48,1
DA:50,1
DA:51,5
DA:52,5
DA:53,5
DA:54,4
DA:55,1
DA:58,1
DA:59,7
DA:60,7
DA:61,7
DA:62,2
DA:63,2
DA:66,1
DA:67,1
DA:70,1
DA:71,3
DA:72,1
DA:75,1
DA:76,6
DA:77,6
DA:78,6
DA:79,5
DA:80,4
DA:81,3
DA:82,1
DA:85,1
DA:86,6
DA:87,6
DA:88,6
DA:89,6
DA:90,5
DA:92,5
DA:93,1
DA:95,5
DA:96,1
DA:98,5
DA:99,5
DA:100,4
DA:101,4
DA:102,1
DA:105,1
DA:106,5
DA:107,5
DA:108,5
DA:109,4
DA:110,4
DA:111,1
DA:112,0
DA:114,4
DA:115,3
DA:116,1
DA:119,1
DA:120,5
DA:121,5
DA:122,5
DA:123,3
DA:124,2
DA:125,1
DA:126,1
DA:129,1
DA:130,3
DA:131,3
DA:132,2
DA:133,1
DA:134,1
DA:135,1
DA:138,1
DA:139,3
DA:140,1
DA:143,1
DA:144,2
DA:145,2
DA:146,2
DA:147,1
DA:148,0
DA:151,1
DA:152,5
DA:153,5
DA:154,5
DA:155,3
DA:158,2
DA:159,1
DA:162,1
DA:163,4
DA:164,4
DA:165,4
DA:166,3
DA:169,2
DA:170,1
DA:171,1
DA:174,1
DA:175,3
DA:176,3
DA:177,2
DA:178,1
DA:179,1
DA:182,1
DA:183,0
DA:186,1
LF:110
LH:103
BRDA:5,0,0,1
BRDA:5,0,1,1
BRDA:7,1,0,1
BRDA:7,1,1,1
BRDA:8,2,0,1
BRDA:8,2,1,1
BRDA:52,3,0,2
BRDA:52,3,1,3
BRDA:61,4,0,5
BRDA:61,4,1,2
BRDA:77,5,0,6
BRDA:77,5,1,0
BRDA:78,6,0,1
BRDA:78,6,1,5
BRDA:80,7,0,1
BRDA:80,7,1,3
BRDA:89,8,0,1
BRDA:89,8,1,5
BRDA:101,9,0,2
BRDA:101,9,1,2
BRDA:108,10,0,1
BRDA:108,10,1,4
BRDA:109,11,0,4
BRDA:109,11,1,1
BRDA:110,12,0,1
BRDA:110,12,1,3
BRDA:121,13,0,5
BRDA:121,13,1,2
BRDA:122,14,0,2
BRDA:122,14,1,3
BRDA:124,15,0,1
BRDA:124,15,1,1
BRDA:132,16,0,1
BRDA:132,16,1,1
BRDA:146,17,0,1
BRDA:146,17,1,1
BRDA:154,18,0,2
BRDA:154,18,1,3
BRDA:154,19,0,5
BRDA:154,19,1,4
BRDA:157,20,0,3
BRDA:157,20,1,2
BRDA:157,21,0,3
BRDA:157,21,1,2
BRDA:157,22,0,3
BRDA:157,22,1,2
BRDA:165,23,0,1
BRDA:165,23,1,3
BRDA:165,24,0,4
BRDA:165,24,1,3
BRDA:168,25,0,3
BRDA:168,25,1,3
BRDA:168,26,0,3
BRDA:168,26,1,3
BRDA:168,27,0,3
BRDA:168,27,1,3
BRDA:169,28,0,1
BRDA:169,28,1,1
BRDA:177,29,0,1
BRDA:177,29,1,1
BRDA:182,30,0,0
BRDA:182,30,1,1
BRF:62
BRH:60
end_of_record
