TN:
SF:src\index.js
FN:10,ensureTables
FN:20,(anonymous_1)
FN:22,(anonymous_2)
FN:34,(anonymous_3)
FN:39,(anonymous_4)
FN:49,(anonymous_5)
FN:69,(anonymous_6)
FN:83,(anonymous_7)
FN:93,(anonymous_8)
FN:102,(anonymous_9)
FN:107,(anonymous_10)
FN:115,(anonymous_11)
FN:126,(anonymous_12)
FN:138,(anonymous_13)
FN:147,(anonymous_14)
FNF:15
FNH:13
FNDA:0,ensureTables
FNDA:1,(anonymous_1)
FNDA:5,(anonymous_2)
FNDA:2,(anonymous_3)
FNDA:4,(anonymous_4)
FNDA:4,(anonymous_5)
FNDA:3,(anonymous_6)
FNDA:3,(anonymous_7)
FNDA:2,(anonymous_8)
FNDA:2,(anonymous_9)
FNDA:2,(anonymous_10)
FNDA:4,(anonymous_11)
FNDA:3,(anonymous_12)
FNDA:2,(anonymous_13)
FNDA:0,(anonymous_14)
DA:1,1
DA:2,1
DA:3,1
DA:5,1
DA:7,1
DA:8,1
DA:11,0
DA:15,0
DA:20,1
DA:22,1
DA:23,5
DA:24,5
DA:25,5
DA:26,1
DA:27,1
DA:30,1
DA:31,0
DA:34,1
DA:35,2
DA:36,0
DA:39,1
DA:40,4
DA:41,4
DA:42,4
DA:43,3
DA:44,3
DA:45,2
DA:46,0
DA:49,1
DA:50,4
DA:51,4
DA:52,4
DA:53,4
DA:54,3
DA:56,3
DA:57,1
DA:59,3
DA:60,1
DA:62,3
DA:63,3
DA:64,3
DA:65,3
DA:66,0
DA:69,1
DA:70,3
DA:71,3
DA:72,3
DA:73,2
DA:74,2
DA:75,1
DA:76,0
DA:78,2
DA:79,2
DA:80,0
DA:83,1
DA:84,3
DA:85,3
DA:86,3
DA:87,2
DA:88,2
DA:89,1
DA:90,0
DA:93,1
DA:94,2
DA:95,2
DA:96,2
DA:97,1
DA:98,1
DA:99,0
DA:102,1
DA:103,2
DA:104,0
DA:107,1
DA:108,2
DA:109,2
DA:110,2
DA:111,1
DA:112,0
DA:115,1
DA:116,4
DA:117,4
DA:118,4
DA:119,2
DA:122,2
DA:123,0
DA:126,1
DA:127,3
DA:128,3
DA:129,3
DA:130,2
DA:133,2
DA:134,1
DA:135,0
DA:138,1
DA:139,2
DA:140,2
DA:141,2
DA:142,1
DA:143,0
DA:146,1
DA:147,0
DA:150,1
LF:102
LH:86
BRDA:5,0,0,1
BRDA:5,0,1,1
BRDA:7,1,0,1
BRDA:7,1,1,1
BRDA:8,2,0,1
BRDA:8,2,1,1
BRDA:25,3,0,4
BRDA:25,3,1,1
BRDA:41,4,0,4
BRDA:41,4,1,0
BRDA:42,5,0,1
BRDA:42,5,1,3
BRDA:44,6,0,1
BRDA:44,6,1,2
BRDA:53,7,0,1
BRDA:53,7,1,3
BRDA:65,8,0,2
BRDA:65,8,1,1
BRDA:72,9,0,1
BRDA:72,9,1,2
BRDA:73,10,0,2
BRDA:73,10,1,1
BRDA:74,11,0,1
BRDA:74,11,1,1
BRDA:85,12,0,3
BRDA:85,12,1,1
BRDA:86,13,0,1
BRDA:86,13,1,2
BRDA:88,14,0,1
BRDA:88,14,1,1
BRDA:96,15,0,1
BRDA:96,15,1,1
BRDA:110,16,0,1
BRDA:110,16,1,1
BRDA:118,17,0,2
BRDA:118,17,1,2
BRDA:118,18,0,4
BRDA:118,18,1,3
BRDA:121,19,0,2
BRDA:121,19,1,1
BRDA:121,20,0,2
BRDA:121,20,1,1
BRDA:121,21,0,2
BRDA:121,21,1,1
BRDA:129,22,0,1
BRDA:129,22,1,2
BRDA:129,23,0,3
BRDA:129,23,1,2
BRDA:132,24,0,2
BRDA:132,24,1,2
BRDA:132,25,0,2
BRDA:132,25,1,2
BRDA:132,26,0,2
BRDA:132,26,1,2
BRDA:133,27,0,1
BRDA:133,27,1,1
BRDA:141,28,0,1
BRDA:141,28,1,1
BRDA:146,29,0,0
BRDA:146,29,1,1
BRF:60
BRH:58
end_of_record
